2025-09-30 18:39:26.908: [INFO] VisibilityChanged: 0
2025-09-30 18:39:26.955: [INFO] RecordSyncInitDuration has_sync_been_enabled: 0 state: 0
2025-09-30 18:39:26.958: [INFO] RecordSyncInitDuration has_sync_been_enabled: 0 state: 0
2025-09-30 18:39:26.959: [INFO] RecordSyncInitDuration has_sync_been_enabled: 0 state: 0
2025-09-30 18:39:26.960: [INFO] RecordSyncInitDuration has_sync_been_enabled: 0 state: 0
2025-09-30 18:39:26.962: [INFO] RecordSyncInitDuration has_sync_been_enabled: 0 state: 0
2025-09-30 18:39:26.963: [INFO] RecordSyncInitDuration has_sync_been_enabled: 0 state: 0
2025-09-30 18:39:26.965: [INFO] RecordSyncInitDuration has_sync_been_enabled: 0 state: 0
2025-09-30 18:39:26.967: [INFO] RecordSyncInitDuration has_sync_been_enabled: 0 state: 0
2025-09-30 18:39:26.968: [INFO] RecordSyncInitDuration has_sync_been_enabled: 0 state: 0
2025-09-30 18:39:26.969: [INFO] RecordSyncInitDuration has_sync_been_enabled: 0 state: 0
2025-09-30 18:39:26.971: [INFO] RecordSyncInitDuration has_sync_been_enabled: 0 state: 0
2025-09-30 18:39:26.982: [INFO] BookmarkModelLoaded, ids_reassigned: 0
2025-09-30 18:39:26.982: [INFO] OnDoneLoading sync enabled: 0
2025-09-30 18:39:26.989: [INFO] RecordSyncInitDuration has_sync_been_enabled: 0 state: 0
2025-09-30 18:39:27.474: [INFO] RecordSyncInitDuration has_sync_been_enabled: 0 state: 3
2025-09-30 18:39:27.477: [INFO] Primary account changed.
2025-09-30 18:39:27.477: [INFO] OnPrimaryAccountChanged PrimaryAccountChangeEvent::Type::kSet
2025-09-30 18:39:27.484: [INFO] RecordSyncInitDuration has_sync_been_enabled: 0 state: 3
2025-09-30 18:39:27.688: [INFO] RecordSyncInitDuration has_sync_been_enabled: 0 state: 3
2025-09-30 18:39:33.427: [INFO] BookmarkNodeAdded, ABU: 0
2025-09-30 18:39:33.428: [INFO] BookmarkNodeAdded, ABU: 0
2025-09-30 18:39:33.428: [INFO] BookmarkNodeAdded, ABU: 0
2025-09-30 18:39:33.428: [INFO] BookmarkNodeAdded, ABU: 0
2025-09-30 18:39:33.428: [INFO] BookmarkNodeAdded, ABU: 0
2025-09-30 18:39:33.428: [INFO] BookmarkNodeAdded, ABU: 0
2025-09-30 18:39:33.429: [INFO] BookmarkNodeAdded, ABU: 0
2025-09-30 18:39:33.429: [INFO] BookmarkNodeAdded, ABU: 0
2025-09-30 18:39:33.429: [INFO] BookmarkNodeAdded, ABU: 0
2025-09-30 18:39:33.429: [INFO] BookmarkNodeAdded, ABU: 0
2025-09-30 18:39:33.429: [INFO] BookmarkNodeAdded, ABU: 0
2025-09-30 18:39:33.429: [INFO] BookmarkNodeAdded, ABU: 0
2025-09-30 18:39:33.429: [INFO] BookmarkNodeAdded, ABU: 0
2025-09-30 18:39:33.430: [INFO] BookmarkNodeAdded, ABU: 0
2025-09-30 18:39:33.430: [INFO] BookmarkNodeAdded, ABU: 0
2025-09-30 18:39:33.430: [INFO] BookmarkNodeAdded, ABU: 0
2025-09-30 18:39:33.430: [INFO] BookmarkNodeAdded, ABU: 0
2025-09-30 18:39:33.430: [INFO] BookmarkNodeAdded, ABU: 0
2025-09-30 18:39:33.430: [INFO] BookmarkNodeAdded, ABU: 0
2025-09-30 18:39:33.430: [INFO] BookmarkNodeAdded, ABU: 0
2025-09-30 18:39:33.431: [INFO] BookmarkNodeAdded, ABU: 0
2025-09-30 18:39:33.431: [INFO] BookmarkNodeAdded, ABU: 0
2025-09-30 18:39:33.431: [INFO] BookmarkNodeAdded, ABU: 0
2025-09-30 18:39:33.431: [INFO] BookmarkNodeAdded, ABU: 0
2025-09-30 18:39:33.431: [INFO] BookmarkNodeAdded, ABU: 0
2025-09-30 18:39:33.431: [INFO] BookmarkNodeAdded, ABU: 0
2025-09-30 18:39:33.431: [INFO] BookmarkNodeAdded, ABU: 0
2025-09-30 18:39:33.432: [INFO] BookmarkNodeAdded, ABU: 0
2025-09-30 18:39:33.432: [INFO] BookmarkNodeAdded, ABU: 0
2025-09-30 18:39:33.432: [INFO] BookmarkNodeAdded, ABU: 0
2025-09-30 18:39:33.432: [INFO] BookmarkNodeAdded, ABU: 0
2025-09-30 18:39:33.432: [INFO] BookmarkNodeAdded, ABU: 0
2025-09-30 18:39:33.432: [INFO] BookmarkNodeAdded, ABU: 0
2025-09-30 18:39:33.432: [INFO] BookmarkNodeAdded, ABU: 0
2025-09-30 18:39:33.432: [INFO] BookmarkNodeAdded, ABU: 0
2025-09-30 18:39:33.433: [INFO] BookmarkNodeAdded, ABU: 0
2025-09-30 18:39:33.433: [INFO] BookmarkNodeAdded, ABU: 0
2025-09-30 18:39:33.433: [INFO] BookmarkNodeAdded, ABU: 0
2025-09-30 18:39:33.433: [INFO] BookmarkNodeAdded, ABU: 0
2025-09-30 18:39:33.433: [INFO] BookmarkNodeAdded, ABU: 0
2025-09-30 18:39:33.433: [INFO] BookmarkNodeAdded, ABU: 0
2025-09-30 18:39:33.433: [INFO] BookmarkNodeAdded, ABU: 0
2025-09-30 18:39:33.434: [INFO] BookmarkNodeAdded, ABU: 0
2025-09-30 18:39:33.434: [INFO] BookmarkNodeAdded, ABU: 0
2025-09-30 18:39:33.434: [INFO] BookmarkNodeAdded, ABU: 0
2025-09-30 18:39:33.434: [INFO] BookmarkNodeAdded, ABU: 0
2025-09-30 18:39:33.434: [INFO] BookmarkNodeAdded, ABU: 0
2025-09-30 18:39:33.434: [INFO] BookmarkNodeAdded, ABU: 0
2025-09-30 18:39:33.435: [INFO] BookmarkNodeAdded, ABU: 0
2025-09-30 18:39:33.435: [INFO] BookmarkNodeAdded, ABU: 0
2025-09-30 18:39:33.435: [INFO] BookmarkNodeAdded, ABU: 0
2025-09-30 18:39:33.435: [INFO] BookmarkNodeAdded, ABU: 0
2025-09-30 18:39:33.435: [INFO] BookmarkNodeAdded, ABU: 0
2025-09-30 18:39:33.435: [INFO] BookmarkNodeAdded, ABU: 0
2025-09-30 18:39:33.435: [INFO] BookmarkNodeAdded, ABU: 0
2025-09-30 18:39:41.140: [INFO] Sync initialization duration: 13321ms
