{"logTime": "0930/183931", "correlationVector":"L+RASg81zyDt4wRX2qdYiO.1","action":"SyncServerConnectionManagerRequest", "result":"SYNC_SERVER_OK", "context":{"environment":"Prod_southindia_prod-s01-004-apac-southindia", "migrationStage":"NotStarted", "server":"akswtt018000026"}}
{"logTime": "0930/183931", "correlationVector":"L+RASg81zyDt4wRX2qdYiO.2","action":"ProcessGetUpdates", "result":"Done", "context":{"dataType":"Encryption Keys", "deleted":"0", "process_failed_to_decrypt":"0", "process_pending_decryption":"0", "process_success":"1", "total":"1"}}
{"logTime": "0930/183931", "correlationVector":"tvqy/WbqtKmzQXH2EmPqOf","action":"SyncServerConnectionManagerRequest", "result":"SYNC_SERVER_OK", "context":{"environment":"", "migrationStage":"", "server":""}}
{"logTime": "0930/183931", "correlationVector":"tvqy/WbqtKmzQXH2EmPqOf.0","action":"EncryptionKeysFetcher.DownloadKeys:", "result":"Success", "context":Key count: 7, Last key timestamp: 2025-09-02T10:07:20Z}
{"logTime": "0930/183931", "correlationVector":"tvqy/WbqtKmzQXH2EmPqOf.1","action":"EncryptionKeysManager::SetEncryptionKeys:", "result":"Success", "context":Key names[7]:[Oabq8Q0oU6/cH9FKAtDkt8OzPKx0KsxD3iqDEI142+XSU10HtodCgEleJV5JBFpFIZL0Rvr5tDPUTQxuQkE9gg==][L1Yj2M2z62R9Z5PRFVzP2k2PlW2TdvpQHuQ4Wb+5y7UYbLgCiQigk9rqO1MTkt1pxkF+9HGaop5S4A8fepqXeA==][ps6E0Tl6Vzwa96iG+3NiRpLP8EAg/w0+my7VCa8nUVsWtc3wTJ0rP0I7eIoBcl6w6nqCFKBdXVegYz/afqJx3w==][zuS6s/Seo8eUCc7c8+VThXIZkLUHW6a7XyqIrFDDCUV/UM22wGyEmdzmk0k7xiA28DfoxoIvN6eddWIYgEJ+XQ==][+0geL2EUAjNh4HfMkYMCcz7cUug9hZrGG23LZ0+8KNd3fHVhRku3uk/jRWZCYy14d4qIi7OrwCi8jzvwB2A9dA==][vnzOZK+9oosctSW9m6E+ZogKeuRJmvbQzwzHQ3yZSnkrznOaCVlCHK8XojMLBu0MoslIQmYIRGU7im3ZS7oKQA==][PKL3wG2ybMIGy+O2ew4B2ozkykhxpjNEd7SXmL/1dOFOnikNXppg9tBqf3HUAoNJxq5rxu4SAfunfxaNFhEYlw==]}
{"logTime": "0930/183931", "correlationVector":"tvqy/WbqtKmzQXH2EmPqOf.2","action":"EncryptionKeysManager::SetEncryptionKeysWithTimestamps:", "result":"Success", "context":Key timestamps[7]:[2021-03-13T10:59:34Z][2022-09-29T07:39:43Z][2023-08-06T09:48:42Z][2024-03-08T13:27:32Z][2024-09-04T16:24:39Z][2025-03-06T03:03:44Z][2025-09-02T10:07:20Z]}
{"logTime": "0930/183931", "correlationVector":"L+RASg81zyDt4wRX2qdYiO","action":"Initial GetUpdates", "result":"", "context":Reason: NEW_CLIENT. cV=L+RASg81zyDt4wRX2qdYiO}
{"logTime": "0930/183931", "correlationVector":"L+RASg81zyDt4wRX2qdYiO.3","action":"GetUpdates Response", "result":"Success", "context":Received 1 update(s). cV=L+RASg81zyDt4wRX2qdYiO.0;server=akswtt018000026;cloudType=Consumer;environment=Prod_southindia_prod-s01-004-apac-southindia;migrationStage=NotStarted}
{"logTime": "0930/183931", "correlationVector":"b3Zc+0Qj71FZkRT007UCRH","action":"Initial GetUpdates", "result":"", "context":Reason: NEWLY_SUPPORTED_DATATYPE. cV=b3Zc+0Qj71FZkRT007UCRH}
{"logTime": "0930/183932", "correlationVector":"b3Zc+0Qj71FZkRT007UCRH.1","action":"SyncServerConnectionManagerRequest", "result":"SYNC_SERVER_OK", "context":{"environment":"Prod_southindia_prod-s01-004-apac-southindia", "migrationStage":"NotStarted", "server":"akswtt01800001m"}}
{"logTime": "0930/183932", "correlationVector":"b3Zc+0Qj71FZkRT007UCRH.2","action":"ProcessGetUpdates", "result":"Done", "context":{"dataType":"Preferences", "deleted":"2", "process_failed_to_decrypt":"0", "process_pending_decryption":"0", "process_success":"79", "total":"79"}}
{"logTime": "0930/183932", "correlationVector":"b3Zc+0Qj71FZkRT007UCRH.3","action":"ProcessGetUpdates", "result":"Done", "context":{"dataType":"Passwords", "deleted":"0", "process_failed_to_decrypt":"0", "process_pending_decryption":"0", "process_success":"21", "total":"21"}}
{"logTime": "0930/183932", "correlationVector":"b3Zc+0Qj71FZkRT007UCRH.4","action":"ProcessGetUpdates", "result":"Done", "context":{"dataType":"Device Info", "deleted":"0", "process_failed_to_decrypt":"0", "process_pending_decryption":"0", "process_success":"143", "total":"143"}}
{"logTime": "0930/183932", "correlationVector":"b3Zc+0Qj71FZkRT007UCRH.5","action":"GetUpdates Response", "result":"Success", "context":Received 243 update(s). cV=b3Zc+0Qj71FZkRT007UCRH.0;server=akswtt01800001m;cloudType=Consumer;environment=Prod_southindia_prod-s01-004-apac-southindia;migrationStage=NotStarted}
{"logTime": "0930/183932", "correlationVector":"5SLgDQc405+NLwWcWbg0U5","action":"Initial GetUpdates", "result":"", "context":Reason: NEWLY_SUPPORTED_DATATYPE. cV=5SLgDQc405+NLwWcWbg0U5}
{"logTime": "0930/183933", "correlationVector":"5SLgDQc405+NLwWcWbg0U5.1","action":"SyncServerConnectionManagerRequest", "result":"SYNC_SERVER_OK", "context":{"environment":"Prod_southindia_prod-s01-004-apac-southindia", "migrationStage":"NotStarted", "server":"akswtt01800002o"}}
{"logTime": "0930/183933", "correlationVector":"5SLgDQc405+NLwWcWbg0U5.2","action":"ProcessGetUpdates", "result":"Done", "context":{"dataType":"Bookmarks", "deleted":"0", "process_failed_to_decrypt":"0", "process_pending_decryption":"0", "process_success":"61", "total":"61"}}
{"logTime": "0930/183933", "correlationVector":"5SLgDQc405+NLwWcWbg0U5.3","action":"GetUpdates Response", "result":"Success", "context":Received 61 update(s). cV=5SLgDQc405+NLwWcWbg0U5.0;server=akswtt01800002o;cloudType=Consumer;environment=Prod_southindia_prod-s01-004-apac-southindia;migrationStage=NotStarted}
{"logTime": "0930/183933", "correlationVector":"2yXA7JpwQFxkcvi5kmNGX5","action":"Initial GetUpdates", "result":"", "context":Reason: NEWLY_SUPPORTED_DATATYPE. cV=2yXA7JpwQFxkcvi5kmNGX5}
{"logTime": "0930/183934", "correlationVector":"2yXA7JpwQFxkcvi5kmNGX5.1","action":"SyncServerConnectionManagerRequest", "result":"SYNC_SERVER_OK", "context":{"environment":"Prod_southindia_prod-s01-004-apac-southindia", "migrationStage":"NotStarted", "server":"akswtt01800001t"}}
{"logTime": "0930/183934", "correlationVector":"2yXA7JpwQFxkcvi5kmNGX5.2","action":"ProcessGetUpdates", "result":"Done", "context":{"dataType":"Autofill", "deleted":"0", "process_failed_to_decrypt":"0", "process_pending_decryption":"0", "process_success":"1", "total":"1"}}
{"logTime": "0930/183934", "correlationVector":"2yXA7JpwQFxkcvi5kmNGX5.3","action":"ProcessGetUpdates", "result":"Done", "context":{"dataType":"Sessions", "deleted":"232", "process_failed_to_decrypt":"0", "process_pending_decryption":"0", "process_success":"232", "total":"232"}}
{"logTime": "0930/183934", "correlationVector":"2yXA7JpwQFxkcvi5kmNGX5.4","action":"ProcessGetUpdates", "result":"Done", "context":{"dataType":"Edge Hub App Usage", "deleted":"0", "process_failed_to_decrypt":"0", "process_pending_decryption":"0", "process_success":"17", "total":"17"}}
{"logTime": "0930/183934", "correlationVector":"2yXA7JpwQFxkcvi5kmNGX5.5","action":"GetUpdates Response", "result":"Success", "context":Received 250 update(s). cV=2yXA7JpwQFxkcvi5kmNGX5.0;server=akswtt01800001t;cloudType=Consumer;environment=Prod_southindia_prod-s01-004-apac-southindia;migrationStage=NotStarted Some updates remain.}
{"logTime": "0930/183934", "correlationVector":"M668849Kku173N6cSlTE8j","action":"Initial GetUpdates", "result":"", "context":Reason: NEWLY_SUPPORTED_DATATYPE. cV=M668849Kku173N6cSlTE8j}
{"logTime": "0930/183935", "correlationVector":"M668849Kku173N6cSlTE8j.1","action":"SyncServerConnectionManagerRequest", "result":"SYNC_SERVER_OK", "context":{"environment":"Prod_southindia_prod-s01-004-apac-southindia", "migrationStage":"NotStarted", "server":"akswtt01800001m"}}
{"logTime": "0930/183935", "correlationVector":"M668849Kku173N6cSlTE8j.2","action":"ProcessGetUpdates", "result":"Done", "context":{"dataType":"Sessions", "deleted":"244", "process_failed_to_decrypt":"0", "process_pending_decryption":"0", "process_success":"244", "total":"244"}}
{"logTime": "0930/183935", "correlationVector":"M668849Kku173N6cSlTE8j.3","action":"ProcessGetUpdates", "result":"Done", "context":{"dataType":"Edge Hub App Usage", "deleted":"1", "process_failed_to_decrypt":"0", "process_pending_decryption":"0", "process_success":"6", "total":"6"}}
{"logTime": "0930/183935", "correlationVector":"M668849Kku173N6cSlTE8j.4","action":"GetUpdates Response", "result":"Success", "context":Received 250 update(s). cV=M668849Kku173N6cSlTE8j.0;server=akswtt01800001m;cloudType=Consumer;environment=Prod_southindia_prod-s01-004-apac-southindia;migrationStage=NotStarted Some updates remain.}
{"logTime": "0930/183935", "correlationVector":"dzLsCc7BGYJ9shz2E6ETeB","action":"Initial GetUpdates", "result":"", "context":Reason: NEWLY_SUPPORTED_DATATYPE. cV=dzLsCc7BGYJ9shz2E6ETeB}
{"logTime": "0930/183936", "correlationVector":"dzLsCc7BGYJ9shz2E6ETeB.1","action":"SyncServerConnectionManagerRequest", "result":"SYNC_SERVER_OK", "context":{"environment":"Prod_southindia_prod-s01-004-apac-southindia", "migrationStage":"NotStarted", "server":"akswtt01800002o"}}
{"logTime": "0930/183936", "correlationVector":"dzLsCc7BGYJ9shz2E6ETeB.2","action":"ProcessGetUpdates", "result":"Done", "context":{"dataType":"Sessions", "deleted":"236", "process_failed_to_decrypt":"0", "process_pending_decryption":"0", "process_success":"236", "total":"236"}}
{"logTime": "0930/183936", "correlationVector":"dzLsCc7BGYJ9shz2E6ETeB.3","action":"ProcessGetUpdates", "result":"Done", "context":{"dataType":"Edge Hub App Usage", "deleted":"0", "process_failed_to_decrypt":"0", "process_pending_decryption":"0", "process_success":"14", "total":"14"}}
{"logTime": "0930/183936", "correlationVector":"dzLsCc7BGYJ9shz2E6ETeB.4","action":"GetUpdates Response", "result":"Success", "context":Received 250 update(s). cV=dzLsCc7BGYJ9shz2E6ETeB.0;server=akswtt01800002o;cloudType=Consumer;environment=Prod_southindia_prod-s01-004-apac-southindia;migrationStage=NotStarted Some updates remain.}
{"logTime": "0930/183936", "correlationVector":"1Bg0FydTAHESMMagkC4yag","action":"Initial GetUpdates", "result":"", "context":Reason: NEWLY_SUPPORTED_DATATYPE. cV=1Bg0FydTAHESMMagkC4yag}
{"logTime": "0930/183937", "correlationVector":"1Bg0FydTAHESMMagkC4yag.1","action":"SyncServerConnectionManagerRequest", "result":"SYNC_SERVER_OK", "context":{"environment":"Prod_southindia_prod-s01-004-apac-southindia", "migrationStage":"NotStarted", "server":"akswtt01800001t"}}
{"logTime": "0930/183937", "correlationVector":"1Bg0FydTAHESMMagkC4yag.2","action":"ProcessGetUpdates", "result":"Done", "context":{"dataType":"Autofill Profiles", "deleted":"0", "process_failed_to_decrypt":"0", "process_pending_decryption":"0", "process_success":"7", "total":"7"}}
{"logTime": "0930/183937", "correlationVector":"1Bg0FydTAHESMMagkC4yag.3","action":"ProcessGetUpdates", "result":"Done", "context":{"dataType":"Autofill", "deleted":"0", "process_failed_to_decrypt":"0", "process_pending_decryption":"0", "process_success":"81", "total":"81"}}
{"logTime": "0930/183937", "correlationVector":"1Bg0FydTAHESMMagkC4yag.4","action":"ProcessGetUpdates", "result":"Done", "context":{"dataType":"Sessions", "deleted":"161", "process_failed_to_decrypt":"0", "process_pending_decryption":"0", "process_success":"161", "total":"161"}}
{"logTime": "0930/183937", "correlationVector":"1Bg0FydTAHESMMagkC4yag.5","action":"ProcessGetUpdates", "result":"Done", "context":{"dataType":"Edge Hub App Usage", "deleted":"0", "process_failed_to_decrypt":"0", "process_pending_decryption":"0", "process_success":"1", "total":"1"}}
{"logTime": "0930/183937", "correlationVector":"1Bg0FydTAHESMMagkC4yag.6","action":"GetUpdates Response", "result":"Success", "context":Received 250 update(s). cV=1Bg0FydTAHESMMagkC4yag.0;server=akswtt01800001t;cloudType=Consumer;environment=Prod_southindia_prod-s01-004-apac-southindia;migrationStage=NotStarted Some updates remain.}
{"logTime": "0930/183937", "correlationVector":"4jSJoXNDf2Yg1Y3/99+UOZ","action":"Initial GetUpdates", "result":"", "context":Reason: NEWLY_SUPPORTED_DATATYPE. cV=4jSJoXNDf2Yg1Y3/99+UOZ}
{"logTime": "0930/183940", "correlationVector":"4jSJoXNDf2Yg1Y3/99+UOZ.1","action":"SyncServerConnectionManagerRequest", "result":"SYNC_SERVER_OK", "context":{"environment":"Prod_southindia_prod-s01-004-apac-southindia", "migrationStage":"NotStarted", "server":"akswtt01800001m"}}
{"logTime": "0930/183940", "correlationVector":"4jSJoXNDf2Yg1Y3/99+UOZ.2","action":"ProcessGetUpdates", "result":"Done", "context":{"dataType":"Autofill Profiles", "deleted":"0", "process_failed_to_decrypt":"0", "process_pending_decryption":"0", "process_success":"2", "total":"2"}}
{"logTime": "0930/183940", "correlationVector":"4jSJoXNDf2Yg1Y3/99+UOZ.3","action":"ProcessGetUpdates", "result":"Done", "context":{"dataType":"Autofill", "deleted":"0", "process_failed_to_decrypt":"0", "process_pending_decryption":"0", "process_success":"29", "total":"29"}}
{"logTime": "0930/183940", "correlationVector":"4jSJoXNDf2Yg1Y3/99+UOZ.4","action":"ProcessGetUpdates", "result":"Done", "context":{"dataType":"Sessions", "deleted":"218", "process_failed_to_decrypt":"0", "process_pending_decryption":"0", "process_success":"218", "total":"218"}}
{"logTime": "0930/183940", "correlationVector":"4jSJoXNDf2Yg1Y3/99+UOZ.5","action":"ProcessGetUpdates", "result":"Done", "context":{"dataType":"Edge Hub App Usage", "deleted":"0", "process_failed_to_decrypt":"0", "process_pending_decryption":"0", "process_success":"1", "total":"1"}}
{"logTime": "0930/183940", "correlationVector":"4jSJoXNDf2Yg1Y3/99+UOZ.6","action":"GetUpdates Response", "result":"Success", "context":Received 250 update(s). cV=4jSJoXNDf2Yg1Y3/99+UOZ.0;server=akswtt01800001m;cloudType=Consumer;environment=Prod_southindia_prod-s01-004-apac-southindia;migrationStage=NotStarted Some updates remain.}
{"logTime": "0930/183940", "correlationVector":"y3sW9xPNj0pFDt0/cxIsQy","action":"Initial GetUpdates", "result":"", "context":Reason: NEWLY_SUPPORTED_DATATYPE. cV=y3sW9xPNj0pFDt0/cxIsQy}
{"logTime": "0930/183940", "correlationVector":"y3sW9xPNj0pFDt0/cxIsQy.1","action":"SyncServerConnectionManagerRequest", "result":"SYNC_SERVER_OK", "context":{"environment":"Prod_southindia_prod-s01-004-apac-southindia", "migrationStage":"NotStarted", "server":"akswtt01800002o"}}
{"logTime": "0930/183940", "correlationVector":"y3sW9xPNj0pFDt0/cxIsQy.2","action":"ProcessGetUpdates", "result":"Done", "context":{"dataType":"Autofill Profiles", "deleted":"0", "process_failed_to_decrypt":"0", "process_pending_decryption":"0", "process_success":"2", "total":"2"}}
{"logTime": "0930/183940", "correlationVector":"y3sW9xPNj0pFDt0/cxIsQy.3","action":"ProcessGetUpdates", "result":"Done", "context":{"dataType":"Autofill", "deleted":"0", "process_failed_to_decrypt":"0", "process_pending_decryption":"0", "process_success":"14", "total":"14"}}
{"logTime": "0930/183940", "correlationVector":"y3sW9xPNj0pFDt0/cxIsQy.4","action":"ProcessGetUpdates", "result":"Done", "context":{"dataType":"Sessions", "deleted":"230", "process_failed_to_decrypt":"0", "process_pending_decryption":"0", "process_success":"230", "total":"230"}}
{"logTime": "0930/183940", "correlationVector":"y3sW9xPNj0pFDt0/cxIsQy.5","action":"ProcessGetUpdates", "result":"Done", "context":{"dataType":"Saved Tab Group", "deleted":"3", "process_failed_to_decrypt":"0", "process_pending_decryption":"0", "process_success":"3", "total":"3"}}
{"logTime": "0930/183940", "correlationVector":"y3sW9xPNj0pFDt0/cxIsQy.6","action":"ProcessGetUpdates", "result":"Done", "context":{"dataType":"Edge Hub App Usage", "deleted":"0", "process_failed_to_decrypt":"0", "process_pending_decryption":"0", "process_success":"1", "total":"1"}}
{"logTime": "0930/183940", "correlationVector":"y3sW9xPNj0pFDt0/cxIsQy.7","action":"GetUpdates Response", "result":"Success", "context":Received 250 update(s). cV=y3sW9xPNj0pFDt0/cxIsQy.0;server=akswtt01800002o;cloudType=Consumer;environment=Prod_southindia_prod-s01-004-apac-southindia;migrationStage=NotStarted Some updates remain.}
{"logTime": "0930/183940", "correlationVector":"VgTY5+x4WdW9LkDad1PWaK","action":"Initial GetUpdates", "result":"", "context":Reason: NEWLY_SUPPORTED_DATATYPE. cV=VgTY5+x4WdW9LkDad1PWaK}
{"logTime": "0930/183941", "correlationVector":"VgTY5+x4WdW9LkDad1PWaK.1","action":"SyncServerConnectionManagerRequest", "result":"SYNC_SERVER_OK", "context":{"environment":"Prod_southindia_prod-s01-004-apac-southindia", "migrationStage":"NotStarted", "server":"akswtt01800001t"}}
{"logTime": "0930/183941", "correlationVector":"VgTY5+x4WdW9LkDad1PWaK.2","action":"ProcessGetUpdates", "result":"Done", "context":{"dataType":"Autofill Profiles", "deleted":"0", "process_failed_to_decrypt":"0", "process_pending_decryption":"0", "process_success":"15", "total":"15"}}
{"logTime": "0930/183941", "correlationVector":"VgTY5+x4WdW9LkDad1PWaK.3","action":"ProcessGetUpdates", "result":"Done", "context":{"dataType":"Autofill", "deleted":"0", "process_failed_to_decrypt":"0", "process_pending_decryption":"0", "process_success":"11", "total":"11"}}
{"logTime": "0930/183941", "correlationVector":"VgTY5+x4WdW9LkDad1PWaK.4","action":"ProcessGetUpdates", "result":"Done", "context":{"dataType":"Extensions", "deleted":"0", "process_failed_to_decrypt":"0", "process_pending_decryption":"0", "process_success":"1", "total":"1"}}
{"logTime": "0930/183941", "correlationVector":"VgTY5+x4WdW9LkDad1PWaK.5","action":"ProcessGetUpdates", "result":"Done", "context":{"dataType":"Sessions", "deleted":"111", "process_failed_to_decrypt":"0", "process_pending_decryption":"0", "process_success":"168", "total":"168"}}
{"logTime": "0930/183941", "correlationVector":"VgTY5+x4WdW9LkDad1PWaK.6","action":"GetUpdates Response", "result":"Success", "context":Received 195 update(s). cV=VgTY5+x4WdW9LkDad1PWaK.0;server=akswtt01800001t;cloudType=Consumer;environment=Prod_southindia_prod-s01-004-apac-southindia;migrationStage=NotStarted}
{"logTime": "0930/183941", "correlationVector":"0ePCYxZULGjyRY7AntcAFv","action":"Initial GetUpdates", "result":"", "context":Reason: NEWLY_SUPPORTED_DATATYPE. cV=0ePCYxZULGjyRY7AntcAFv}
{"logTime": "0930/183941", "correlationVector":"0ePCYxZULGjyRY7AntcAFv.1","action":"SyncServerConnectionManagerRequest", "result":"SYNC_SERVER_OK", "context":{"environment":"Prod_southindia_prod-s01-004-apac-southindia", "migrationStage":"NotStarted", "server":"akswtt01800002o"}}
{"logTime": "0930/183941", "correlationVector":"0ePCYxZULGjyRY7AntcAFv.2","action":"ProcessGetUpdates", "result":"Done", "context":{"dataType":"History", "deleted":"0", "process_failed_to_decrypt":"0", "process_pending_decryption":"0", "process_success":"250", "total":"250"}}
{"logTime": "0930/183941", "correlationVector":"0ePCYxZULGjyRY7AntcAFv.3","action":"GetUpdates Response", "result":"Success", "context":Received 250 update(s). cV=0ePCYxZULGjyRY7AntcAFv.0;server=akswtt01800002o;cloudType=Consumer;environment=Prod_southindia_prod-s01-004-apac-southindia;migrationStage=NotStarted Some updates remain.}
{"logTime": "0930/183941", "correlationVector":"M9R2V5uhKEzna6Eg4Bsh6U","action":"Initial GetUpdates", "result":"", "context":Reason: NEWLY_SUPPORTED_DATATYPE. cV=M9R2V5uhKEzna6Eg4Bsh6U}
{"logTime": "0930/183942", "correlationVector":"M9R2V5uhKEzna6Eg4Bsh6U.1","action":"SyncServerConnectionManagerRequest", "result":"SYNC_SERVER_OK", "context":{"environment":"Prod_southindia_prod-s01-004-apac-southindia", "migrationStage":"NotStarted", "server":"akswtt01800001m"}}
{"logTime": "0930/183942", "correlationVector":"M9R2V5uhKEzna6Eg4Bsh6U.2","action":"ProcessGetUpdates", "result":"Done", "context":{"dataType":"History", "deleted":"0", "process_failed_to_decrypt":"0", "process_pending_decryption":"0", "process_success":"250", "total":"250"}}
{"logTime": "0930/183942", "correlationVector":"M9R2V5uhKEzna6Eg4Bsh6U.3","action":"GetUpdates Response", "result":"Success", "context":Received 250 update(s). cV=M9R2V5uhKEzna6Eg4Bsh6U.0;server=akswtt01800001m;cloudType=Consumer;environment=Prod_southindia_prod-s01-004-apac-southindia;migrationStage=NotStarted Some updates remain.}
{"logTime": "0930/183942", "correlationVector":"iFZ4D40oTW5lVESEGj7tlM","action":"Initial GetUpdates", "result":"", "context":Reason: NEWLY_SUPPORTED_DATATYPE. cV=iFZ4D40oTW5lVESEGj7tlM}
{"logTime": "0930/183943", "correlationVector":"iFZ4D40oTW5lVESEGj7tlM.1","action":"SyncServerConnectionManagerRequest", "result":"SYNC_SERVER_OK", "context":{"environment":"Prod_southindia_prod-s01-004-apac-southindia", "migrationStage":"NotStarted", "server":"akswtt01800001t"}}
{"logTime": "0930/183943", "correlationVector":"iFZ4D40oTW5lVESEGj7tlM.2","action":"ProcessGetUpdates", "result":"Done", "context":{"dataType":"History", "deleted":"0", "process_failed_to_decrypt":"0", "process_pending_decryption":"0", "process_success":"250", "total":"250"}}
{"logTime": "0930/183943", "correlationVector":"iFZ4D40oTW5lVESEGj7tlM.3","action":"GetUpdates Response", "result":"Success", "context":Received 250 update(s). cV=iFZ4D40oTW5lVESEGj7tlM.0;server=akswtt01800001t;cloudType=Consumer;environment=Prod_southindia_prod-s01-004-apac-southindia;migrationStage=NotStarted Some updates remain.}
{"logTime": "0930/183943", "correlationVector":"kPe784sfuLN/gjaPYE69M2","action":"Initial GetUpdates", "result":"", "context":Reason: NEWLY_SUPPORTED_DATATYPE. cV=kPe784sfuLN/gjaPYE69M2}
{"logTime": "0930/183944", "correlationVector":"kPe784sfuLN/gjaPYE69M2.1","action":"SyncServerConnectionManagerRequest", "result":"SYNC_SERVER_OK", "context":{"environment":"Prod_southindia_prod-s01-004-apac-southindia", "migrationStage":"NotStarted", "server":"akswtt01800002o"}}
{"logTime": "0930/183944", "correlationVector":"kPe784sfuLN/gjaPYE69M2.2","action":"ProcessGetUpdates", "result":"Done", "context":{"dataType":"History", "deleted":"0", "process_failed_to_decrypt":"0", "process_pending_decryption":"0", "process_success":"250", "total":"250"}}
{"logTime": "0930/183944", "correlationVector":"kPe784sfuLN/gjaPYE69M2.3","action":"GetUpdates Response", "result":"Success", "context":Received 250 update(s). cV=kPe784sfuLN/gjaPYE69M2.0;server=akswtt01800002o;cloudType=Consumer;environment=Prod_southindia_prod-s01-004-apac-southindia;migrationStage=NotStarted Some updates remain.}
{"logTime": "0930/183944", "correlationVector":"Z3V2zOVXgaNmxZRxKX9QHt","action":"Initial GetUpdates", "result":"", "context":Reason: NEWLY_SUPPORTED_DATATYPE. cV=Z3V2zOVXgaNmxZRxKX9QHt}
{"logTime": "0930/183945", "correlationVector":"Z3V2zOVXgaNmxZRxKX9QHt.1","action":"SyncServerConnectionManagerRequest", "result":"SYNC_SERVER_OK", "context":{"environment":"Prod_southindia_prod-s01-004-apac-southindia", "migrationStage":"NotStarted", "server":"akswtt01800001m"}}
{"logTime": "0930/183945", "correlationVector":"Z3V2zOVXgaNmxZRxKX9QHt.2","action":"ProcessGetUpdates", "result":"Done", "context":{"dataType":"History", "deleted":"0", "process_failed_to_decrypt":"0", "process_pending_decryption":"0", "process_success":"250", "total":"250"}}
{"logTime": "0930/183945", "correlationVector":"Z3V2zOVXgaNmxZRxKX9QHt.3","action":"GetUpdates Response", "result":"Success", "context":Received 250 update(s). cV=Z3V2zOVXgaNmxZRxKX9QHt.0;server=akswtt01800001m;cloudType=Consumer;environment=Prod_southindia_prod-s01-004-apac-southindia;migrationStage=NotStarted Some updates remain.}
{"logTime": "0930/183945", "correlationVector":"noNlP2W24ObGmysHgJ7HZE","action":"Initial GetUpdates", "result":"", "context":Reason: NEWLY_SUPPORTED_DATATYPE. cV=noNlP2W24ObGmysHgJ7HZE}
{"logTime": "0930/183946", "correlationVector":"noNlP2W24ObGmysHgJ7HZE.1","action":"SyncServerConnectionManagerRequest", "result":"SYNC_SERVER_OK", "context":{"environment":"Prod_southindia_prod-s01-004-apac-southindia", "migrationStage":"NotStarted", "server":"akswtt01800001t"}}
{"logTime": "0930/183946", "correlationVector":"noNlP2W24ObGmysHgJ7HZE.2","action":"ProcessGetUpdates", "result":"Done", "context":{"dataType":"History", "deleted":"0", "process_failed_to_decrypt":"0", "process_pending_decryption":"0", "process_success":"250", "total":"250"}}
{"logTime": "0930/183946", "correlationVector":"noNlP2W24ObGmysHgJ7HZE.3","action":"GetUpdates Response", "result":"Success", "context":Received 250 update(s). cV=noNlP2W24ObGmysHgJ7HZE.0;server=akswtt01800001t;cloudType=Consumer;environment=Prod_southindia_prod-s01-004-apac-southindia;migrationStage=NotStarted Some updates remain.}
{"logTime": "0930/183946", "correlationVector":"7gNYhQqtBnqz9phDpGJnR1","action":"Initial GetUpdates", "result":"", "context":Reason: NEWLY_SUPPORTED_DATATYPE. cV=7gNYhQqtBnqz9phDpGJnR1}
{"logTime": "0930/183947", "correlationVector":"7gNYhQqtBnqz9phDpGJnR1.1","action":"SyncServerConnectionManagerRequest", "result":"SYNC_SERVER_OK", "context":{"environment":"Prod_southindia_prod-s01-004-apac-southindia", "migrationStage":"NotStarted", "server":"akswtt01800002o"}}
{"logTime": "0930/183947", "correlationVector":"7gNYhQqtBnqz9phDpGJnR1.2","action":"ProcessGetUpdates", "result":"Done", "context":{"dataType":"History", "deleted":"0", "process_failed_to_decrypt":"0", "process_pending_decryption":"0", "process_success":"250", "total":"250"}}
{"logTime": "0930/183947", "correlationVector":"7gNYhQqtBnqz9phDpGJnR1.3","action":"GetUpdates Response", "result":"Success", "context":Received 250 update(s). cV=7gNYhQqtBnqz9phDpGJnR1.0;server=akswtt01800002o;cloudType=Consumer;environment=Prod_southindia_prod-s01-004-apac-southindia;migrationStage=NotStarted Some updates remain.}
{"logTime": "0930/183947", "correlationVector":"XVQ2FDA/y3gpALgygt+UaI","action":"Initial GetUpdates", "result":"", "context":Reason: NEWLY_SUPPORTED_DATATYPE. cV=XVQ2FDA/y3gpALgygt+UaI}
{"logTime": "0930/183949", "correlationVector":"XVQ2FDA/y3gpALgygt+UaI.1","action":"SyncServerConnectionManagerRequest", "result":"SYNC_SERVER_OK", "context":{"environment":"Prod_southindia_prod-s01-004-apac-southindia", "migrationStage":"NotStarted", "server":"akswtt01800001m"}}
{"logTime": "0930/183949", "correlationVector":"XVQ2FDA/y3gpALgygt+UaI.2","action":"ProcessGetUpdates", "result":"Done", "context":{"dataType":"History", "deleted":"0", "process_failed_to_decrypt":"0", "process_pending_decryption":"0", "process_success":"250", "total":"250"}}
{"logTime": "0930/183949", "correlationVector":"XVQ2FDA/y3gpALgygt+UaI.3","action":"GetUpdates Response", "result":"Success", "context":Received 250 update(s). cV=XVQ2FDA/y3gpALgygt+UaI.0;server=akswtt01800001m;cloudType=Consumer;environment=Prod_southindia_prod-s01-004-apac-southindia;migrationStage=NotStarted Some updates remain.}
{"logTime": "0930/183949", "correlationVector":"sqrOMmVi9Zm7eVDGmUYrG1","action":"Initial GetUpdates", "result":"", "context":Reason: NEWLY_SUPPORTED_DATATYPE. cV=sqrOMmVi9Zm7eVDGmUYrG1}
{"logTime": "0930/183949", "correlationVector":"sqrOMmVi9Zm7eVDGmUYrG1.1","action":"SyncServerConnectionManagerRequest", "result":"SYNC_SERVER_OK", "context":{"environment":"Prod_southindia_prod-s01-004-apac-southindia", "migrationStage":"NotStarted", "server":"akswtt01800001t"}}
{"logTime": "0930/183949", "correlationVector":"sqrOMmVi9Zm7eVDGmUYrG1.2","action":"ProcessGetUpdates", "result":"Done", "context":{"dataType":"History", "deleted":"0", "process_failed_to_decrypt":"0", "process_pending_decryption":"0", "process_success":"250", "total":"250"}}
{"logTime": "0930/183949", "correlationVector":"sqrOMmVi9Zm7eVDGmUYrG1.3","action":"GetUpdates Response", "result":"Success", "context":Received 250 update(s). cV=sqrOMmVi9Zm7eVDGmUYrG1.0;server=akswtt01800001t;cloudType=Consumer;environment=Prod_southindia_prod-s01-004-apac-southindia;migrationStage=NotStarted Some updates remain.}
{"logTime": "0930/183949", "correlationVector":"rTsJHBnJTo+f3+npLNCuov","action":"Initial GetUpdates", "result":"", "context":Reason: NEWLY_SUPPORTED_DATATYPE. cV=rTsJHBnJTo+f3+npLNCuov}
{"logTime": "0930/183950", "correlationVector":"rTsJHBnJTo+f3+npLNCuov.1","action":"SyncServerConnectionManagerRequest", "result":"SYNC_SERVER_OK", "context":{"environment":"Prod_southindia_prod-s01-004-apac-southindia", "migrationStage":"NotStarted", "server":"akswtt01800002o"}}
{"logTime": "0930/183950", "correlationVector":"rTsJHBnJTo+f3+npLNCuov.2","action":"ProcessGetUpdates", "result":"Done", "context":{"dataType":"History", "deleted":"0", "process_failed_to_decrypt":"0", "process_pending_decryption":"0", "process_success":"250", "total":"250"}}
{"logTime": "0930/183950", "correlationVector":"rTsJHBnJTo+f3+npLNCuov.3","action":"GetUpdates Response", "result":"Success", "context":Received 250 update(s). cV=rTsJHBnJTo+f3+npLNCuov.0;server=akswtt01800002o;cloudType=Consumer;environment=Prod_southindia_prod-s01-004-apac-southindia;migrationStage=NotStarted Some updates remain.}
{"logTime": "0930/183950", "correlationVector":"xPMblgMjVHnLEnMrckmcQ+","action":"Initial GetUpdates", "result":"", "context":Reason: NEWLY_SUPPORTED_DATATYPE. cV=xPMblgMjVHnLEnMrckmcQ+}
{"logTime": "0930/183951", "correlationVector":"xPMblgMjVHnLEnMrckmcQ+.1","action":"SyncServerConnectionManagerRequest", "result":"SYNC_SERVER_OK", "context":{"environment":"Prod_southindia_prod-s01-004-apac-southindia", "migrationStage":"NotStarted", "server":"akswtt01800001m"}}
{"logTime": "0930/183951", "correlationVector":"xPMblgMjVHnLEnMrckmcQ+.2","action":"ProcessGetUpdates", "result":"Done", "context":{"dataType":"History", "deleted":"0", "process_failed_to_decrypt":"0", "process_pending_decryption":"0", "process_success":"250", "total":"250"}}
{"logTime": "0930/183951", "correlationVector":"xPMblgMjVHnLEnMrckmcQ+.3","action":"GetUpdates Response", "result":"Success", "context":Received 250 update(s). cV=xPMblgMjVHnLEnMrckmcQ+.0;server=akswtt01800001m;cloudType=Consumer;environment=Prod_southindia_prod-s01-004-apac-southindia;migrationStage=NotStarted Some updates remain.}
{"logTime": "0930/183951", "correlationVector":"UC1Dsx4OLLtGtTKKrQ8qWP","action":"Initial GetUpdates", "result":"", "context":Reason: NEWLY_SUPPORTED_DATATYPE. cV=UC1Dsx4OLLtGtTKKrQ8qWP}
{"logTime": "0930/183952", "correlationVector":"UC1Dsx4OLLtGtTKKrQ8qWP.1","action":"SyncServerConnectionManagerRequest", "result":"SYNC_SERVER_OK", "context":{"environment":"Prod_southindia_prod-s01-004-apac-southindia", "migrationStage":"NotStarted", "server":"akswtt01800002o"}}
{"logTime": "0930/183952", "correlationVector":"UC1Dsx4OLLtGtTKKrQ8qWP.2","action":"ProcessGetUpdates", "result":"Done", "context":{"dataType":"History", "deleted":"0", "process_failed_to_decrypt":"0", "process_pending_decryption":"0", "process_success":"250", "total":"250"}}
{"logTime": "0930/183952", "correlationVector":"UC1Dsx4OLLtGtTKKrQ8qWP.3","action":"GetUpdates Response", "result":"Success", "context":Received 250 update(s). cV=UC1Dsx4OLLtGtTKKrQ8qWP.0;server=akswtt01800002o;cloudType=Consumer;environment=Prod_southindia_prod-s01-004-apac-southindia;migrationStage=NotStarted Some updates remain.}
{"logTime": "0930/183952", "correlationVector":"XFkwVt8fFNTvaM7CwXYccG","action":"Initial GetUpdates", "result":"", "context":Reason: NEWLY_SUPPORTED_DATATYPE. cV=XFkwVt8fFNTvaM7CwXYccG}
{"logTime": "0930/183953", "correlationVector":"XFkwVt8fFNTvaM7CwXYccG.1","action":"SyncServerConnectionManagerRequest", "result":"SYNC_SERVER_OK", "context":{"environment":"Prod_southindia_prod-s01-004-apac-southindia", "migrationStage":"NotStarted", "server":"akswtt01800001m"}}
{"logTime": "0930/183953", "correlationVector":"XFkwVt8fFNTvaM7CwXYccG.2","action":"ProcessGetUpdates", "result":"Done", "context":{"dataType":"History", "deleted":"0", "process_failed_to_decrypt":"0", "process_pending_decryption":"0", "process_success":"250", "total":"250"}}
{"logTime": "0930/183953", "correlationVector":"XFkwVt8fFNTvaM7CwXYccG.3","action":"GetUpdates Response", "result":"Success", "context":Received 250 update(s). cV=XFkwVt8fFNTvaM7CwXYccG.0;server=akswtt01800001m;cloudType=Consumer;environment=Prod_southindia_prod-s01-004-apac-southindia;migrationStage=NotStarted Some updates remain.}
{"logTime": "0930/183953", "correlationVector":"sBOIYH/9haUP7U7FL02Qut","action":"Initial GetUpdates", "result":"", "context":Reason: NEWLY_SUPPORTED_DATATYPE. cV=sBOIYH/9haUP7U7FL02Qut}
{"logTime": "0930/183954", "correlationVector":"sBOIYH/9haUP7U7FL02Qut.1","action":"SyncServerConnectionManagerRequest", "result":"SYNC_SERVER_OK", "context":{"environment":"Prod_southindia_prod-s01-004-apac-southindia", "migrationStage":"NotStarted", "server":"akswtt01800002o"}}
{"logTime": "0930/183954", "correlationVector":"sBOIYH/9haUP7U7FL02Qut.2","action":"ProcessGetUpdates", "result":"Done", "context":{"dataType":"History", "deleted":"0", "process_failed_to_decrypt":"0", "process_pending_decryption":"0", "process_success":"250", "total":"250"}}
{"logTime": "0930/183954", "correlationVector":"sBOIYH/9haUP7U7FL02Qut.3","action":"GetUpdates Response", "result":"Success", "context":Received 250 update(s). cV=sBOIYH/9haUP7U7FL02Qut.0;server=akswtt01800002o;cloudType=Consumer;environment=Prod_southindia_prod-s01-004-apac-southindia;migrationStage=NotStarted Some updates remain.}
{"logTime": "0930/183954", "correlationVector":"78uxxHdKlcYLR1P/2YOBXu","action":"Initial GetUpdates", "result":"", "context":Reason: NEWLY_SUPPORTED_DATATYPE. cV=78uxxHdKlcYLR1P/2YOBXu}
{"logTime": "0930/183954", "correlationVector":"78uxxHdKlcYLR1P/2YOBXu.1","action":"SyncServerConnectionManagerRequest", "result":"SYNC_SERVER_OK", "context":{"environment":"Prod_southindia_prod-s01-004-apac-southindia", "migrationStage":"NotStarted", "server":"akswtt01800001t"}}
{"logTime": "0930/183954", "correlationVector":"78uxxHdKlcYLR1P/2YOBXu.2","action":"ProcessGetUpdates", "result":"Done", "context":{"dataType":"History", "deleted":"0", "process_failed_to_decrypt":"0", "process_pending_decryption":"0", "process_success":"250", "total":"250"}}
{"logTime": "0930/183954", "correlationVector":"78uxxHdKlcYLR1P/2YOBXu.3","action":"GetUpdates Response", "result":"Success", "context":Received 250 update(s). cV=78uxxHdKlcYLR1P/2YOBXu.0;server=akswtt01800001t;cloudType=Consumer;environment=Prod_southindia_prod-s01-004-apac-southindia;migrationStage=NotStarted Some updates remain.}
{"logTime": "0930/183954", "correlationVector":"/m4e/OLKyqMgM/REPfIfy5","action":"Initial GetUpdates", "result":"", "context":Reason: NEWLY_SUPPORTED_DATATYPE. cV=/m4e/OLKyqMgM/REPfIfy5}
{"logTime": "0930/183955", "correlationVector":"/m4e/OLKyqMgM/REPfIfy5.1","action":"SyncServerConnectionManagerRequest", "result":"SYNC_SERVER_OK", "context":{"environment":"Prod_southindia_prod-s01-004-apac-southindia", "migrationStage":"NotStarted", "server":"akswtt01800001m"}}
{"logTime": "0930/183955", "correlationVector":"/m4e/OLKyqMgM/REPfIfy5.2","action":"ProcessGetUpdates", "result":"Done", "context":{"dataType":"History", "deleted":"0", "process_failed_to_decrypt":"0", "process_pending_decryption":"0", "process_success":"250", "total":"250"}}
{"logTime": "0930/183955", "correlationVector":"/m4e/OLKyqMgM/REPfIfy5.3","action":"GetUpdates Response", "result":"Success", "context":Received 250 update(s). cV=/m4e/OLKyqMgM/REPfIfy5.0;server=akswtt01800001m;cloudType=Consumer;environment=Prod_southindia_prod-s01-004-apac-southindia;migrationStage=NotStarted Some updates remain.}
{"logTime": "0930/183955", "correlationVector":"OzdLDVITVMgY+KreCdHLvz","action":"Initial GetUpdates", "result":"", "context":Reason: NEWLY_SUPPORTED_DATATYPE. cV=OzdLDVITVMgY+KreCdHLvz}
{"logTime": "0930/183956", "correlationVector":"OzdLDVITVMgY+KreCdHLvz.1","action":"SyncServerConnectionManagerRequest", "result":"SYNC_SERVER_OK", "context":{"environment":"Prod_southindia_prod-s01-004-apac-southindia", "migrationStage":"NotStarted", "server":"akswtt01800002o"}}
{"logTime": "0930/183956", "correlationVector":"OzdLDVITVMgY+KreCdHLvz.2","action":"ProcessGetUpdates", "result":"Done", "context":{"dataType":"History", "deleted":"0", "process_failed_to_decrypt":"0", "process_pending_decryption":"0", "process_success":"250", "total":"250"}}
{"logTime": "0930/183956", "correlationVector":"OzdLDVITVMgY+KreCdHLvz.3","action":"GetUpdates Response", "result":"Success", "context":Received 250 update(s). cV=OzdLDVITVMgY+KreCdHLvz.0;server=akswtt01800002o;cloudType=Consumer;environment=Prod_southindia_prod-s01-004-apac-southindia;migrationStage=NotStarted Some updates remain.}
{"logTime": "0930/183956", "correlationVector":"LQRgZcPIymRMyzFtDWhbng","action":"Initial GetUpdates", "result":"", "context":Reason: NEWLY_SUPPORTED_DATATYPE. cV=LQRgZcPIymRMyzFtDWhbng}
{"logTime": "0930/183957", "correlationVector":"LQRgZcPIymRMyzFtDWhbng.1","action":"SyncServerConnectionManagerRequest", "result":"SYNC_SERVER_OK", "context":{"environment":"Prod_southindia_prod-s01-004-apac-southindia", "migrationStage":"NotStarted", "server":"akswtt01800001t"}}
{"logTime": "0930/183957", "correlationVector":"LQRgZcPIymRMyzFtDWhbng.2","action":"ProcessGetUpdates", "result":"Done", "context":{"dataType":"History", "deleted":"0", "process_failed_to_decrypt":"0", "process_pending_decryption":"0", "process_success":"250", "total":"250"}}
{"logTime": "0930/183957", "correlationVector":"LQRgZcPIymRMyzFtDWhbng.3","action":"GetUpdates Response", "result":"Success", "context":Received 250 update(s). cV=LQRgZcPIymRMyzFtDWhbng.0;server=akswtt01800001t;cloudType=Consumer;environment=Prod_southindia_prod-s01-004-apac-southindia;migrationStage=NotStarted Some updates remain.}
{"logTime": "0930/183957", "correlationVector":"nxIdvc33DPBecjAJ2r9L1a","action":"Initial GetUpdates", "result":"", "context":Reason: NEWLY_SUPPORTED_DATATYPE. cV=nxIdvc33DPBecjAJ2r9L1a}
{"logTime": "0930/183957", "correlationVector":"nxIdvc33DPBecjAJ2r9L1a.1","action":"SyncServerConnectionManagerRequest", "result":"SYNC_SERVER_OK", "context":{"environment":"Prod_southindia_prod-s01-004-apac-southindia", "migrationStage":"NotStarted", "server":"akswtt01800001m"}}
{"logTime": "0930/183957", "correlationVector":"nxIdvc33DPBecjAJ2r9L1a.2","action":"ProcessGetUpdates", "result":"Done", "context":{"dataType":"History", "deleted":"0", "process_failed_to_decrypt":"0", "process_pending_decryption":"0", "process_success":"67", "total":"67"}}
{"logTime": "0930/183957", "correlationVector":"nxIdvc33DPBecjAJ2r9L1a.3","action":"GetUpdates Response", "result":"Success", "context":Received 67 update(s). cV=nxIdvc33DPBecjAJ2r9L1a.0;server=akswtt01800001m;cloudType=Consumer;environment=Prod_southindia_prod-s01-004-apac-southindia;migrationStage=NotStarted}
{"logTime": "0930/183957", "correlationVector":"8CwzDK4G9a5JnfldiVS+Yb","action":"Normal GetUpdate request", "result":"", "context":cV=8CwzDK4G9a5JnfldiVS+Yb
Nudged types: Preferences, Sessions, Device Info, User Consents, History
Refresh requested types: Bookmarks, Preferences, Passwords, Autofill Profiles, Autofill, Extensions, Sessions, Extension settings, History Delete Directives, Device Info, User Consents, Send Tab To Self, Web Apps, History, Saved Tab Group, WebAuthn Credentials, Collection, Edge E Drop, Edge Hub App Usage, Edge Wallet, Encryption Keys}
{"logTime": "0930/183957", "correlationVector":"8CwzDK4G9a5JnfldiVS+Yb.1","action":"SyncServerConnectionManagerRequest", "result":"SYNC_SERVER_OK", "context":{"environment":"Prod_southindia_prod-s01-004-apac-southindia", "migrationStage":"NotStarted", "server":"akswtt01800001t"}}
{"logTime": "0930/183957", "correlationVector":"8CwzDK4G9a5JnfldiVS+Yb.2","action":"GetUpdates Response", "result":"Success", "context":Received 0 update(s). cV=8CwzDK4G9a5JnfldiVS+Yb.0;server=akswtt01800001t;cloudType=Consumer;environment=Prod_southindia_prod-s01-004-apac-southindia;migrationStage=NotStarted}
{"logTime": "0930/183957", "correlationVector":"Iy1vjJIfySxd0rdezlI/Vx","action":"Commit Request", "result":"", "context":Item count: 11
Contributing types: Preferences, Sessions, Device Info, User Consents, History}
{"logTime": "0930/183959", "correlationVector":"Iy1vjJIfySxd0rdezlI/Vx.1","action":"SyncServerConnectionManagerRequest", "result":"SYNC_SERVER_OK", "context":{"environment":"Prod_southindia_prod-s01-004-apac-southindia", "migrationStage":"NotStarted", "server":"akswtt01800001m"}}
{"logTime": "0930/183959", "correlationVector":"Iy1vjJIfySxd0rdezlI/Vx.2","action":"Commit Response", "result":"Success", "context":Result: Success. cV=Iy1vjJIfySxd0rdezlI/Vx.0;server=akswtt01800001m;cloudType=Consumer;environment=Prod_southindia_prod-s01-004-apac-southindia;migrationStage=NotStarted}
{"logTime": "0930/184026", "correlationVector":"U5uO2NMJvQZoG/kigsFGRn","action":"Commit Request", "result":"", "context":Item count: 19
Contributing types: Passwords}
{"logTime": "0930/184028", "correlationVector":"U5uO2NMJvQZoG/kigsFGRn.1","action":"SyncServerConnectionManagerRequest", "result":"SYNC_SERVER_OK", "context":{"environment":"Prod_southindia_prod-s01-004-apac-southindia", "migrationStage":"NotStarted", "server":"akswtt01800001m"}}
{"logTime": "0930/184028", "correlationVector":"U5uO2NMJvQZoG/kigsFGRn.2","action":"Commit Response", "result":"Success", "context":Result: Success. cV=U5uO2NMJvQZoG/kigsFGRn.0;server=akswtt01800001m;cloudType=Consumer;environment=Prod_southindia_prod-s01-004-apac-southindia;migrationStage=NotStarted}
